[    0.000000] Initializing cgroup subsys cpuset
[    0.000000] Initializing cgroup subsys cpu
[    0.000000] Initializing cgroup subsys cpuacct
[    0.000000] Linux version 4.4.0-171-generic (buildd@lcy01-amd64-014) (gcc version 5.4.0 20160609 (Ubuntu 5.4.0-6ubuntu1~16.04.12) ) #200-Ubuntu SMP Tue Dec 3 11:04:26 UTC 2019 (Ubuntu 4.4.0-171.200-generic 4.4.203)
[    0.000000] KERNEL supported cpus:
[    0.000000]   Intel GenuineIntel
[    0.000000]   AMD AuthenticAMD
[    0.000000]   NSC Geode by NSC
[    0.000000]   Cyrix CyrixInstead
[    0.000000]   Centaur CentaurHauls
[    0.000000]   Transmeta GenuineTMx86
[    0.000000]   Transmeta TransmetaCPU
[    0.000000]   UMC UMC UMC UMC
[    0.000000] ------------[ cut here ]------------
[    0.000000] WARNING: CPU: 0 PID: 0 at /build/linux-EIzgmR/linux-4.4.0/arch/x86/kernel/fpu/xstate.c:517 fpu__init_system_xstate+0x347/0x708()
[    0.000000] XSAVE consistency problem, dumping leaves
[    0.000000] Modules linked in:
[    0.000000] CPU: 0 PID: 0 Comm: swapper Not tainted 4.4.0-171-generic #200-Ubuntu
[    0.000000]  c1b1d967 3335309d 00200086 c1b17ea8 c13c39e7 c1b17ee8 c19fc320 c1b17ed8
[    0.000000]  c1074f17 c19fc4b4 c1b17f08 00000000 c19fc320 00000205 c1beb206 c1beb206
[    0.000000]  00000008 00000340 c1b17f24 c1b17ef4 c1074f8e 00000009 c1b17ee8 c19fc4b4
[    0.000000] Call Trace:
[    0.000000]  [<c13c39e7>] dump_stack+0x60/0x89
[    0.000000]  [<c1074f17>] warn_slowpath_common+0x87/0xc0
[    0.000000]  [<c1beb206>] ? fpu__init_system_xstate+0x347/0x708
[    0.000000]  [<c1beb206>] ? fpu__init_system_xstate+0x347/0x708
[    0.000000]  [<c1074f8e>] warn_slowpath_fmt+0x3e/0x60
[    0.000000]  [<c1beb206>] fpu__init_system_xstate+0x347/0x708
[    0.000000]  [<c1beac82>] fpu__init_system+0x1e1/0x279
[    0.000000]  [<c103c2be>] ? x86_match_cpu+0xe/0xc0
[    0.000000]  [<c1bebe85>] early_cpu_init+0x2c0/0x2d8
[    0.000000]  [<c1bebe85>] ? early_cpu_init+0x2c0/0x2d8
[    0.000000]  [<c1be7319>] setup_arch+0xfa/0xd21
[    0.000000]  [<c1bdd841>] start_kernel+0xc1/0x405
[    0.000000]  [<c1bdd2ad>] i386_start_kernel+0x48/0x4a
[    0.000000] ---[ end trace 4d5ff9f2f68c4233 ]---
[    0.000000] CPUID[0d, 00]: eax=00000007 ebx=00000440 ecx=00000440 edx=00000000
[    0.000000] CPUID[0d, 01]: eax=00000000 ebx=00000440 ecx=00000000 edx=00000000
[    0.000000] CPUID[0d, 02]: eax=00000100 ebx=00000240 ecx=00000000 edx=00000000
[    0.000000] CPUID[0d, 03]: eax=00000000 ebx=00000000 ecx=00000000 edx=00000000
[    0.000000] CPUID[0d, 04]: eax=00000000 ebx=00000000 ecx=00000000 edx=00000000
[    0.000000] CPUID[0d, 05]: eax=00000000 ebx=00000000 ecx=00000000 edx=00000000
[    0.000000] CPUID[0d, 06]: eax=00000000 ebx=00000000 ecx=00000000 edx=00000000
[    0.000000] CPUID[0d, 07]: eax=00000000 ebx=00000000 ecx=00000000 edx=00000000
[    0.000000] CPUID[0d, 08]: eax=00000000 ebx=00000000 ecx=00000000 edx=00000000
[    0.000000] CPUID[0d, 09]: eax=00000000 ebx=00000000 ecx=00000000 edx=00000000
[    0.000000] CPUID[0d, 0a]: eax=00000000 ebx=00000000 ecx=00000000 edx=00000000
[    0.000000] CPUID[0d, 0b]: eax=00000000 ebx=00000000 ecx=00000000 edx=00000000
[    0.000000] CPUID[0d, 0c]: eax=00000000 ebx=00000000 ecx=00000000 edx=00000000
[    0.000000] CPUID[0d, 0d]: eax=00000000 ebx=00000000 ecx=00000000 edx=00000000
[    0.000000] CPUID[0d, 0e]: eax=00000000 ebx=00000000 ecx=00000000 edx=00000000
[    0.000000] CPUID[0d, 0f]: eax=00000000 ebx=00000000 ecx=00000000 edx=00000000
[    0.000000] CPUID[0d, 10]: eax=00000000 ebx=00000000 ecx=00000000 edx=00000000
[    0.000000] CPUID[0d, 11]: eax=00000000 ebx=00000000 ecx=00000000 edx=00000000
[    0.000000] x86/fpu: xstate_offset[2]:  576, xstate_sizes[2]:  256
[    0.000000] x86/fpu: Supporting XSAVE feature 0x01: 'x87 floating point registers'
[    0.000000] x86/fpu: Supporting XSAVE feature 0x02: 'SSE registers'
[    0.000000] x86/fpu: Supporting XSAVE feature 0x04: 'AVX registers'
[    0.000000] x86/fpu: Enabled xstate features 0x7, context size is 1088 bytes, using 'standard' format.
[    0.000000] e820: BIOS-provided physical RAM map:
[    0.000000] BIOS-e820: [mem 0x0000000000000000-0x000000000009fbff] usable
[    0.000000] BIOS-e820: [mem 0x000000000009fc00-0x000000000009ffff] reserved
[    0.000000] BIOS-e820: [mem 0x00000000000f0000-0x00000000000fffff] reserved
[    0.000000] BIOS-e820: [mem 0x0000000000100000-0x000000003ffeffff] usable
[    0.000000] BIOS-e820: [mem 0x000000003fff0000-0x000000003fffffff] ACPI data
[    0.000000] BIOS-e820: [mem 0x00000000fec00000-0x00000000fec00fff] reserved
[    0.000000] BIOS-e820: [mem 0x00000000fee00000-0x00000000fee00fff] reserved
[    0.000000] BIOS-e820: [mem 0x00000000fffc0000-0x00000000ffffffff] reserved
[    0.000000] NX (Execute Disable) protection: active
[    0.000000] SMBIOS 2.5 present.
[    0.000000] Hypervisor detected: KVM
[    0.000000] e820: last_pfn = 0x3fff0 max_arch_pfn = 0x1000000
[    0.000000] MTRR: Disabled
[    0.000000] x86/PAT: MTRRs disabled, skipping PAT initialization too.
[    0.000000] CPU MTRRs all blank - virtualized system.
[    0.000000] x86/PAT: Configuration [0-7]: WB  WT  UC- UC  WB  WT  UC- UC  
[    0.000000] found SMP MP-table at [mem 0x0009fff0-0x0009ffff] mapped at [c009fff0]
[    0.000000] Scanning 1 areas for low memory corruption
[    0.000000] RAMDISK: [mem 0x363ac000-0x371cdfff]
[    0.000000] ACPI: Early table checksum verification disabled
[    0.000000] ACPI: RSDP 0x00000000000E0000 000024 (v02 VBOX  )
[    0.000000] ACPI: XSDT 0x000000003FFF0030 00003C (v01 VBOX   VBOXXSDT 00000001 ASL  00000061)
[    0.000000] ACPI: FACP 0x000000003FFF00F0 0000F4 (v04 VBOX   VBOXFACP 00000001 ASL  00000061)
[    0.000000] ACPI: DSDT 0x000000003FFF0470 0021FF (v02 VBOX   VBOXBIOS 00000002 INTL 20100528)
[    0.000000] ACPI: FACS 0x000000003FFF0200 000040
[    0.000000] ACPI: FACS 0x000000003FFF0200 000040
[    0.000000] ACPI: APIC 0x000000003FFF0240 00005C (v02 VBOX   VBOXAPIC 00000001 ASL  00000061)
[    0.000000] ACPI: SSDT 0x000000003FFF02A0 0001CC (v01 VBOX   VBOXCPUT 00000002 INTL 20100528)
[    0.000000] 131MB HIGHMEM available.
[    0.000000] 891MB LOWMEM available.
[    0.000000]   mapped low ram: 0 - 37bfe000
[    0.000000]   low ram: 0 - 37bfe000
[    0.000000] kvm-clock: Using msrs 4b564d01 and 4b564d00
[    0.000000] kvm-clock: cpu 0, msr 0:37bfd001, primary cpu clock
[    0.000000] kvm-clock: using sched offset of 5251066587 cycles
[    0.000000] clocksource: kvm-clock: mask: 0xffffffffffffffff max_cycles: 0x1cd42e4dffb, max_idle_ns: 881590591483 ns
[    0.000000] Zone ranges:
[    0.000000]   DMA      [mem 0x0000000000001000-0x0000000000ffffff]
[    0.000000]   Normal   [mem 0x0000000001000000-0x0000000037bfdfff]
[    0.000000]   HighMem  [mem 0x0000000037bfe000-0x000000003ffeffff]
[    0.000000] Movable zone start for each node
[    0.000000] Early memory node ranges
[    0.000000]   node   0: [mem 0x0000000000001000-0x000000000009efff]
[    0.000000]   node   0: [mem 0x0000000000100000-0x000000003ffeffff]
[    0.000000] Initmem setup node 0 [mem 0x0000000000001000-0x000000003ffeffff]
[    0.000000] Using APIC driver default
[    0.000000] ACPI: PM-Timer IO Port: 0x4008
[    0.000000] IOAPIC[0]: apic_id 2, version 32, address 0xfec00000, GSI 0-23
[    0.000000] ACPI: INT_SRC_OVR (bus 0 bus_irq 0 global_irq 2 dfl dfl)
[    0.000000] ACPI: INT_SRC_OVR (bus 0 bus_irq 9 global_irq 9 high level)
[    0.000000] Using ACPI (MADT) for SMP configuration information
[    0.000000] smpboot: Allowing 2 CPUs, 0 hotplug CPUs
[    0.000000] PM: Registered nosave memory: [mem 0x00000000-0x00000fff]
[    0.000000] PM: Registered nosave memory: [mem 0x0009f000-0x0009ffff]
[    0.000000] PM: Registered nosave memory: [mem 0x000a0000-0x000effff]
[    0.000000] PM: Registered nosave memory: [mem 0x000f0000-0x000fffff]
[    0.000000] e820: [mem 0x40000000-0xfebfffff] available for PCI devices
[    0.000000] Booting paravirtualized kernel on KVM
[    0.000000] clocksource: refined-jiffies: mask: 0xffffffff max_cycles: 0xffffffff, max_idle_ns: 7645519600211568 ns
[    0.000000] setup_percpu: NR_CPUS:8 nr_cpumask_bits:8 nr_cpu_ids:2 nr_node_ids:1
[    0.000000] PERCPU: Embedded 18 pages/cpu @f6388000 s43276 r0 d30452 u73728
[    0.000000] Built 1 zonelists in Zone order, mobility grouping on.  Total pages: 259800
[    0.000000] Kernel command line: BOOT_IMAGE=/boot/vmlinuz-4.4.0-171-generic root=LABEL=cloudimg-rootfs ro console=tty1 console=ttyS0
[    0.000000] PID hash table entries: 4096 (order: 2, 16384 bytes)
[    0.000000] Dentry cache hash table entries: 131072 (order: 7, 524288 bytes)
[    0.000000] Inode-cache hash table entries: 65536 (order: 6, 262144 bytes)
[    0.000000] Initializing CPU#0
[    0.000000] Initializing HighMem for node 0 (00037bfe:0003fff0)
[    0.000000] Initializing Movable for node 0 (00000000:00000000)
[    0.000000] Memory: 1008244K/1048120K available (8135K kernel code, 790K rwdata, 3208K rodata, 936K init, 788K bss, 39876K reserved, 0K cma-reserved, 135112K highmem)
[    0.000000] virtual kernel memory layout:
[    0.000000]     fixmap  : 0xfff15000 - 0xfffff000   ( 936 kB)
[    0.000000]     pkmap   : 0xffc00000 - 0xffe00000   (2048 kB)
[    0.000000]     vmalloc : 0xf83fe000 - 0xffbfe000   ( 120 MB)
[    0.000000]     lowmem  : 0xc0000000 - 0xf7bfe000   ( 891 MB)
[    0.000000]       .init : 0xc1bdd000 - 0xc1cc7000   ( 936 kB)
[    0.000000]       .data : 0xc17f2188 - 0xc1bdb980   (4005 kB)
[    0.000000]       .text : 0xc1000000 - 0xc17f2188   (8136 kB)
[    0.000000] Checking if this processor honours the WP bit even in supervisor mode...Ok.
[    0.000000] SLUB: HWalign=64, Order=0-3, MinObjects=0, CPUs=2, Nodes=1
[    0.000000] Hierarchical RCU implementation.
[    0.000000] 	Build-time adjustment of leaf fanout to 32.
[    0.000000] 	RCU restricting CPUs from NR_CPUS=8 to nr_cpu_ids=2.
[    0.000000] RCU: Adjusting geometry for rcu_fanout_leaf=32, nr_cpu_ids=2
[    0.000000] NR_IRQS:2304 nr_irqs:440 16
[    0.000000] Console: colour VGA+ 80x25
[    0.000000] console [tty1] enabled
[    0.000000] console [ttyS0] enabled
[    0.000000] allocated 1048576 bytes of page_ext
[    0.000000] tsc: Detected 1992.001 MHz processor
[   28.981646] Calibrating delay loop (skipped) preset value.. 3984.00 BogoMIPS (lpj=7968004)
[   29.121283] pid_max: default: 32768 minimum: 301
[   29.207797] ACPI: Core revision 20150930
[   29.328025] ACPI: 2 ACPI AML tables successfully acquired and loaded
[   29.553017] Security Framework initialized
[   29.711369] Yama: becoming mindful.
[   29.833402] AppArmor: AppArmor initialized
[   29.992578] Mount-cache hash table entries: 2048 (order: 1, 8192 bytes)
[   30.139050] Mountpoint-cache hash table entries: 2048 (order: 1, 8192 bytes)
[   30.221733] Initializing cgroup subsys io
[   30.255047] Initializing cgroup subsys memory
[   30.377053] Initializing cgroup subsys devices
[   30.519865] Initializing cgroup subsys freezer
[   30.689380] Initializing cgroup subsys net_cls
[   30.854314] Initializing cgroup subsys perf_event
[   31.026071] Initializing cgroup subsys net_prio
[   31.194978] Initializing cgroup subsys hugetlb
[   31.310105] Initializing cgroup subsys pids
[   31.414983] mce: CPU supports 0 MCE banks
[   31.517062] Last level iTLB entries: 4KB 64, 2MB 8, 4MB 8
[   31.637149] Last level dTLB entries: 4KB 64, 2MB 0, 4MB 0, 1GB 4
[   31.806043] Spectre V1 : Mitigation: usercopy/swapgs barriers and __user pointer sanitization
[   32.105405] Spectre V2 : Mitigation: Full generic retpoline
[   32.304751] Spectre V2 : Spectre v2 / SpectreRSB mitigation: Filling RSB on context switch
[   32.545577] Speculative Store Bypass: Vulnerable
[   32.574219] MDS: Vulnerable: Clear CPU buffers attempted, no microcode
[   32.669084] Freeing SMP alternatives memory: 36K
[   32.796528] ftrace: allocating 31588 entries in 62 pages
[   33.074487] smpboot: APIC(0) Converting physical 0 to logical package 0
[   33.281838] smpboot: Max logical packages: 1
[   33.420175] Enabling APIC mode:  Flat.  Using 1 I/O APICs
[   33.592072] ..TIMER: vector=0x30 apic1=0 pin1=2 apic2=-1 pin2=-1
[   33.851646] smpboot: CPU0: Intel(R) Core(TM) i7-8565U CPU @ 1.80GHz (family: 0x6, model: 0x8e, stepping: 0xc)
[   34.099258] Performance Events: unsupported p6 CPU model 142 no PMU driver, software events only.
[   34.429986] KVM setup paravirtual spinlock
[   34.588234] x86: Booting SMP configuration:
[   34.737816] .... node  #0, CPUs:      #1
[1266874884.458485] Initializing CPU#1
[   34.901778] kvm-clock: cpu 1, msr 0:37bfd041, secondary cpu clock
[   34.949142] mce: CPU supports 0 MCE banks
[   35.008345] x86: Booted up 1 node, 2 CPUs
[   35.048928] smpboot: Total of 2 processors activated (7968.00 BogoMIPS)
[   35.195879] devtmpfs: initialized
[   35.234991] evm: security.selinux
[   35.301833] evm: security.SMACK64
[   35.390725] evm: security.SMACK64EXEC
[   35.519516] evm: security.SMACK64TRANSMUTE
[   35.665963] evm: security.SMACK64MMAP
[   35.786941] evm: security.ima
[   35.894308] evm: security.capability
[   36.011188] clocksource: jiffies: mask: 0xffffffff max_cycles: 0xffffffff, max_idle_ns: 7645041785100000 ns
[   36.210434] futex hash table entries: 512 (order: 3, 32768 bytes)
[   36.311617] pinctrl core: initialized pinctrl subsystem
[   36.430448] RTC time: 19:00:38, date: 01/28/20
[   36.519344] NET: Registered protocol family 16
[   36.663801] EISA bus registered
[   36.778071] cpuidle: using governor ladder
[   36.930594] cpuidle: using governor menu
[   37.063307] PCCT header not found.
[   37.171730] ACPI: bus type PCI registered
[   37.283780] acpiphp: ACPI Hot Plug PCI Controller Driver version: 0.5
[   37.444602] PCI : PCI BIOS area is rw and x. Use pci=nobios if you want it NX.
[   37.632907] PCI: PCI BIOS revision 2.10 entry at 0xfda26, last bus=0
[   37.793461] PCI: Using configuration type 1 for base access
[   38.010480] ACPI: Added _OSI(Module Device)
[   38.147759] ACPI: Added _OSI(Processor Device)
[   38.305903] ACPI: Added _OSI(3.0 _SCP Extensions)
[   38.456200] ACPI: Added _OSI(Processor Aggregator Device)
[   38.558460] ACPI: Executed 1 blocks of module-level executable AML code
[   38.665215] ACPI: Interpreter enabled
[   38.712787] ACPI: (supports S0 S5)
[   38.794852] ACPI: Using IOAPIC for interrupt routing
[   38.878128] PCI: Using host bridge windows from ACPI; if necessary, use "pci=nocrs" and report a bug
[   39.104765] ACPI: PCI Root Bridge [PCI0] (domain 0000 [bus 00-ff])
[   39.270262] acpi PNP0A03:00: _OSC: OS supports [ASPM ClockPM Segments MSI]
[   39.494816] acpi PNP0A03:00: _OSC: not requesting OS control; OS requires [ExtendedConfig ASPM ClockPM MSI]
[   39.719910] acpi PNP0A03:00: fail to add MMCONFIG information, can't access extended PCI configuration space under this bridge.
[   39.965918] PCI host bridge to bus 0000:00
[   40.027420] pci_bus 0000:00: root bus resource [io  0x0000-0x0cf7 window]
[   40.154515] pci_bus 0000:00: root bus resource [io  0x0d00-0xffff window]
[   40.342082] pci_bus 0000:00: root bus resource [mem 0x000a0000-0x000bffff window]
[   40.590365] pci_bus 0000:00: root bus resource [mem 0x40000000-0xffdfffff window]
[   40.808126] pci_bus 0000:00: root bus resource [bus 00-ff]
[   40.945340] pci 0000:00:01.1: legacy IDE quirk: reg 0x10: [io  0x01f0-0x01f7]
[   41.080891] pci 0000:00:01.1: legacy IDE quirk: reg 0x14: [io  0x03f6]
[   41.203677] pci 0000:00:01.1: legacy IDE quirk: reg 0x18: [io  0x0170-0x0177]
[   41.352097] pci 0000:00:01.1: legacy IDE quirk: reg 0x1c: [io  0x0376]
[   41.494621] pci 0000:00:07.0: quirk: [io  0x4000-0x403f] claimed by PIIX4 ACPI
[   41.651302] pci 0000:00:07.0: quirk: [io  0x4100-0x410f] claimed by PIIX4 SMB
[   41.895069] ACPI: PCI Interrupt Link [LNKA] (IRQs 5 9 10 *11)
[   42.096651] ACPI: PCI Interrupt Link [LNKB] (IRQs 5 9 10 *11)
[   42.211995] ACPI: PCI Interrupt Link [LNKC] (IRQs 5 9 *10 11)
[   42.301228] ACPI: PCI Interrupt Link [LNKD] (IRQs 5 *9 10 11)
[   42.390910] ACPI: Enabled 2 GPEs in block 00 to 07
[   42.457485] vgaarb: setting as boot device: PCI:0000:00:02.0
[   42.540731] vgaarb: device added: PCI:0000:00:02.0,decodes=io+mem,owns=io+mem,locks=none
[   42.648887] vgaarb: loaded
[   42.685950] vgaarb: bridge control possible 0000:00:02.0
[   42.755039] SCSI subsystem initialized
[   42.816230] ACPI: bus type USB registered
[   42.916624] usbcore: registered new interface driver usbfs
[   43.040493] usbcore: registered new interface driver hub
[   43.187961] usbcore: registered new device driver usb
[   43.356541] PCI: Using ACPI for IRQ routing
[   43.454277] NetLabel: Initializing
[   43.503121] NetLabel:  domain hash size = 128
[   43.526759] NetLabel:  protocols = UNLABELED CIPSOv4
[   43.630926] NetLabel:  unlabeled traffic allowed by default
[   43.721277] amd_nb: Cannot enumerate AMD northbridges
[   43.804956] clocksource: Switched to clocksource kvm-clock
[   43.993176] AppArmor: AppArmor Filesystem Enabled
[   44.155197] pnp: PnP ACPI init
[   44.269936] pnp: PnP ACPI: found 3 devices
[   44.425339] PnPBIOS: Disabled by ACPI PNP
[   44.625025] clocksource: acpi_pm: mask: 0xfffff max_cycles: 0xffffff, max_idle_ns: 2085701024 ns
[   44.947485] NET: Registered protocol family 2
[   45.083626] TCP established hash table entries: 8192 (order: 3, 32768 bytes)
[   45.338214] TCP bind hash table entries: 8192 (order: 4, 65536 bytes)
[   45.533372] TCP: Hash tables configured (established 8192 bind 8192)
[   45.765572] UDP hash table entries: 512 (order: 2, 16384 bytes)
[   45.973410] UDP-Lite hash table entries: 512 (order: 2, 16384 bytes)
[   46.157096] NET: Registered protocol family 1
[   46.285674] pci 0000:00:00.0: Limiting direct PCI/PCI transfers
[   46.512226] pci 0000:00:01.0: Activating ISA DMA hang workarounds
[   46.740876] Unpacking initramfs...
[   47.546992] Freeing initrd memory: 14472K
[   47.619928] clocksource: tsc: mask: 0xffffffffffffffff max_cycles: 0x396d54029a7, max_idle_ns: 881590429682 ns
[   47.935227] platform rtc_cmos: registered platform RTC device (no PNP device found)
[   48.175038] Scanning for low memory corruption every 60 seconds
[   48.352453] audit: initializing netlink subsys (disabled)
[   48.414460] audit: type=2000 audit(1580238014.658:1): initialized
[   48.517607] Initialise system trusted keyring
[   48.573487] HugeTLB registered 2 MB page size, pre-allocated 0 pages
[   48.689911] zbud: loaded
[   48.750545] VFS: Disk quotas dquot_6.6.0
[   48.875022] VFS: Dquot-cache hash table entries: 1024 (order 0, 4096 bytes)
[   49.108927] squashfs: version 4.0 (2009/01/31) Phillip Lougher
[   49.302244] fuse init (API version 7.23)
[   49.432704] Key type big_key registered
[   49.556311] Allocating IMA MOK and blacklist keyrings.
[   49.649647] Key type asymmetric registered
[   49.733804] Asymmetric key parser 'x509' registered
[   49.752849] bounce: pool size: 64 pages
[   49.805162] Block layer SCSI generic (bsg) driver version 0.4 loaded (major 249)
[   49.963286] io scheduler noop registered
[   50.090165] io scheduler deadline registered (default)
[   50.259993] io scheduler cfq registered
[   50.366481] pci_hotplug: PCI Hot Plug PCI Core version: 0.5
[   50.556743] pciehp: PCI Express Hot Plug Controller Driver version: 0.4
[   50.790303] ACPI: AC Adapter [AC] (on-line)
[   50.893522] input: Power Button as /devices/LNXSYSTM:00/LNXPWRBN:00/input/input0
[   51.030692] ACPI: Power Button [PWRF]
[   51.129587] input: Sleep Button as /devices/LNXSYSTM:00/LNXSLPBN:00/input/input1
[   51.405422] ACPI: Sleep Button [SLPF]
[   51.527422] GHES: HEST is not enabled!
[   51.529059] ACPI: Battery Slot [BAT0] (battery present)
[   51.850053] isapnp: Scanning for PnP cards...
[   52.025316] Serial: 8250/16550 driver, 32 ports, IRQ sharing enabled
[   52.146832] 00:02: ttyS0 at I/O 0x3f8 (irq = 4, base_baud = 115200) is a 16550A
[   52.225675] Linux agpgart interface v0.103
[   52.317252] loop: module loaded
[   52.391273] isapnp: No Plug & Play device found
[   52.528053] scsi host0: ata_piix
[   52.608842] scsi host1: ata_piix
[   52.727213] ata1: PATA max UDMA/33 cmd 0x1f0 ctl 0x3f6 bmdma 0xd000 irq 14
[   52.980145] ata2: PATA max UDMA/33 cmd 0x170 ctl 0x376 bmdma 0xd008 irq 15
[   53.217584] libphy: Fixed MDIO Bus: probed
[   53.326612] tun: Universal TUN/TAP device driver, 1.6
[   53.435835] tun: (C) 1999-2004 Max Krasnyansky <maxk@qualcomm.com>
[   53.620520] PPP generic driver version 2.4.2
[   53.763860] ehci_hcd: USB 2.0 'Enhanced' Host Controller (EHCI) Driver
[   53.956146] ehci-pci: EHCI PCI platform driver
[   54.097536] ehci-platform: EHCI generic platform driver
[   54.278227] ohci_hcd: USB 1.1 'Open' Host Controller (OHCI) Driver
[   54.462662] ohci-pci: OHCI PCI platform driver
[   54.550824] ohci-platform: OHCI generic platform driver
[   54.624631] uhci_hcd: USB Universal Host Controller Interface driver
[   54.823944] i8042: PNP: PS/2 Controller [PNP0303:PS2K,PNP0f03:PS2M] at 0x60,0x64 irq 1,12
[   55.115601] serio: i8042 KBD port at 0x60,0x64 irq 1
[   55.285357] serio: i8042 AUX port at 0x60,0x64 irq 12
[   55.469291] mousedev: PS/2 mouse device common for all mice
[   55.686868] rtc_cmos rtc_cmos: rtc core: registered rtc_cmos as rtc0
[   55.827381] rtc_cmos rtc_cmos: alarms up to one day, 114 bytes nvram
[   55.976595] i2c /dev entries driver
[   56.084750] input: AT Translated Set 2 keyboard as /devices/platform/i8042/serio0/input/input2
[   56.365754] device-mapper: uevent: version 1.0.3
[   56.507603] device-mapper: ioctl: 4.34.0-ioctl (2015-10-28) initialised: dm-devel@redhat.com
[   56.791442] platform eisa.0: Probing EISA bus 0
[   56.810322] platform eisa.0: EISA: Cannot allocate resource for mainboard
[   56.840281] platform eisa.0: Cannot allocate resource for EISA slot 1
[   56.898795] platform eisa.0: Cannot allocate resource for EISA slot 2
[   56.952006] platform eisa.0: Cannot allocate resource for EISA slot 3
[   57.007151] platform eisa.0: Cannot allocate resource for EISA slot 4
[   57.170110] platform eisa.0: Cannot allocate resource for EISA slot 5
[   57.334069] platform eisa.0: Cannot allocate resource for EISA slot 6
[   57.496123] platform eisa.0: Cannot allocate resource for EISA slot 7
[   57.652218] platform eisa.0: Cannot allocate resource for EISA slot 8
[   57.806430] platform eisa.0: EISA: Detected 0 cards
[   57.909814] cpufreq-nforce2: No nForce2 chipset.
[   57.985000] ledtrig-cpu: registered to indicate activity on CPUs
[   58.105709] NET: Registered protocol family 10
[   58.129912] NET: Registered protocol family 17
[   58.219216] Key type dns_resolver registered
[   58.283161] Using IPI No-Shortcut mode
[   58.360120] registered taskstats version 1
[   58.467052] Loading compiled-in X.509 certificates
[   58.622484] Loaded X.509 cert 'Build time autogenerated kernel key: 336104d0564cf6bdc2b3b7f77691aa6ff682c63a'
[   58.971755] zswap: loaded using pool lzo/zbud
[   59.110147] Key type trusted registered
[   59.190800] Key type encrypted registered
[   59.279131] AppArmor: AppArmor sha1 policy hashing enabled
[   59.318215] ima: No TPM chip found, activating TPM-bypass!
[   59.357333] ima: Allocated hash algorithm: sha1
[   59.452045] evm: HMAC attrs: 0x1
[   59.546597]   Magic number: 4:52:42
[   59.641104] bdi 7:7: hash matches
[   59.707763] rtc_cmos rtc_cmos: setting system clock to 2020-01-28 19:01:01 UTC (1580238061)
[   59.966555] BIOS EDD facility v0.16 2004-Jun-25, 0 devices found
[   60.111731] EDD information not available.
[   60.232008] Freeing unused kernel memory: 936K
[   60.369551] Write protecting the kernel text: 8140k
[   60.488567] Write protecting the kernel read-only data: 3212k
[   60.564549] NX-protecting the kernel data: 6196k
Loading, please wait...
[   60.676343] random: systemd-udevd: uninitialized urandom read (16 bytes read, 6 bits of entropy available)
starting version[   60.677758] random: udevadm: uninitialized urandom read (16 bytes read, 6 bits of entropy available)
 229
[   60.701893] random: udevadm: uninitialized urandom read (16 bytes read, 6 bits of entropy available)
[   60.702057] random: udevadm: uninitialized urandom read (16 bytes read, 6 bits of entropy available)
[   60.702407] random: udevadm: uninitialized urandom read (16 bytes read, 6 bits of entropy available)
[   60.702533] random: udevadm: uninitialized urandom read (16 bytes read, 6 bits of entropy available)
[   60.702653] random: udevadm: uninitialized urandom read (16 bytes read, 6 bits of entropy available)
[   60.702784] random: udevadm: uninitialized urandom read (16 bytes read, 6 bits of entropy available)
[   60.702903] random: udevadm: uninitialized urandom read (16 bytes read, 6 bits of entropy available)
[   60.703062] random: udevadm: uninitialized urandom read (16 bytes read, 6 bits of entropy available)
[   63.092054] Fusion MPT base driver 3.04.20
[   63.133376] Copyright (c) 1999-2008 LSI Corporation
[   63.214651] e1000: Intel(R) PRO/1000 Network Driver - version 7.3.21-k8-NAPI
[   63.388248] e1000: Copyright (c) 1999-2006 Intel Corporation.
[   63.582477] Fusion MPT SPI Host driver 3.04.20
[   63.741845] mptbase: ioc0: Initiating bringup
[   63.865858] input: ImExPS/2 Generic Explorer Mouse as /devices/platform/i8042/serio1/input/input4
[   64.097633] ioc0: LSI53C1030 A0: Capabilities={Initiator}
[   64.431682] scsi host2: ioc0: LSI53C1030 A0, FwRev=00000000h, Ports=1, MaxQ=256, IRQ=20
[   64.828943] scsi 2:0:0:0: Direct-Access     VBOX     HARDDISK         1.0  PQ: 0 ANSI: 5
[   65.071058] scsi target2:0:0: Beginning Domain Validation
[   65.222233] scsi target2:0:0: Domain Validation skipping write tests
[   65.297911] e1000 0000:00:03.0 eth0: (PCI:33MHz:32-bit) 02:c4:c5:d4:91:d8
[   65.297920] e1000 0000:00:03.0 eth0: Intel(R) PRO/1000 Network Connection
[   65.362394] e1000 0000:00:03.0 enp0s3: renamed from eth0
[   65.552194] scsi target2:0:0: Ending Domain Validation
[   65.699012] scsi target2:0:0: asynchronous
[   65.823553] scsi 2:0:1:0: Direct-Access     VBOX     HARDDISK         1.0  PQ: 0 ANSI: 5
[   66.099729] scsi target2:0:1: Beginning Domain Validation
[   66.305555] scsi target2:0:1: Domain Validation skipping write tests
[   66.483432] scsi target2:0:1: Ending Domain Validation
[   66.551989] scsi target2:0:1: asynchronous
[   66.585365] sd 2:0:0:0: [sda] 20971520 512-byte logical blocks: (10.7 GB/10.0 GiB)
[   66.797058] sd 2:0:0:0: Attached scsi generic sg0 type 0
[   66.925764] sd 2:0:0:0: [sda] Write Protect is off
[   66.925925] sd 2:0:1:0: Attached scsi generic sg1 type 0
[   67.086243] sd 2:0:1:0: [sdb] 20480 512-byte logical blocks: (10.5 MB/10.0 MiB)
[   67.086919] sd 2:0:1:0: [sdb] Write Protect is off
[   67.087415] sd 2:0:1:0: [sdb] Incomplete mode parameter data
[   67.087419] sd 2:0:1:0: [sdb] Assuming drive cache: write through
[   67.121340] sd 2:0:1:0: [sdb] Attached SCSI disk
[   68.057273] sd 2:0:0:0: [sda] Incomplete mode parameter data
[   68.218826] sd 2:0:0:0: [sda] Assuming drive cache: write through
[   68.427012]  sda: sda1
[   68.505331] sd 2:0:0:0: [sda] Attached SCSI disk
Begin: Loading e[   70.582399] md: linear personality registered for level -1
ssential drivers[   70.768118] md: multipath personality registered for level -4
 ... [   71.011814] md: raid0 personality registered for level 0
[   71.205794] md: raid1 personality registered for level 1
[   71.389039] raid6: mmxx1    gen()  2080 MB/s
[   71.469092] raid6: mmxx2    gen()  2332 MB/s
[   71.693760] raid6: sse1x1   gen()  2027 MB/s
[   71.929491] raid6: sse1x2   gen()  2186 MB/s
[   72.125123] raid6: sse2x1   gen()  4059 MB/s
[   72.297388] raid6: sse2x1   xor()  2563 MB/s
[   72.473138] raid6: sse2x2   gen()  4953 MB/s
[   72.649099] raid6: sse2x2   xor()  3393 MB/s
[   72.764410] raid6: using algorithm sse2x2 gen() 4953 MB/s
[   72.896271] raid6: .... xor() 3393 MB/s, rmw enabled
[   73.061127] raid6: using ssse3x1 recovery algorithm
[   73.226430] xor: automatically using best checksumming function:
[   73.481713]    avx       :  9431.000 MB/sec
[   73.616091] async_tx: api initialized (async)
[   73.766264] md: raid6 personality registered for level 6
[   73.917147] md: raid5 personality registered for level 5
[   74.023418] md: raid4 personality registered for level 4
[   74.185321] md: raid10 personality registered for level 10
done.
Begin: Running /scripts/init-premount ... done.
Begin: Mounting root file system ... Beg[   74.465734] Btrfs loaded
in: Running /scripts/local-top ... done.
Begin: Running /scripts/local-premount ... Scanning for Btrfs filesystems
done.
Warning: fsck not present, so skipping root file[   74.801365] EXT4-fs (sda1): mounted filesystem with ordered data mode. Opts: (null)
 system
done.
Begin: Running /scripts/local-bottom ... done.
Begin: Running /scripts/init-bottom ... done.
[   75.287978] random: nonblocking pool is initialized
[   76.125172] systemd[1]: systemd 229 running in system mode. (+PAM +AUDIT +SELINUX +IMA +APPARMOR +SMACK +SYSVINIT +UTMP +LIBCRYPTSETUP +GCRYPT +GNUTLS +ACL +XZ -LZ4 +SECCOMP +BLKID +ELFUTILS +KMOD -IDN)
[   76.634406] systemd[1]: Detected virtualization oracle.
[   76.820654] systemd[1]: Detected architecture x86.

Welcome to [1mUbuntu 16.04.6 LTS[0m!

[   77.103058] systemd[1]: Set hostname to <ubuntu-xenial>.
[   78.590304] systemd[1]: Reached target Swap.
[[0;32m  OK  [0m] Reached target Swap.
[   78.805633] systemd[1]: Listening on udev Kernel Socket.
[[0;32m  OK  [0m] Listening on udev Kernel Socket.
[   79.026097] systemd[1]: Listening on Syslog Socket.
[[0;32m  OK  [0m] Listening on Syslog Socket.
[   79.267495] systemd[1]: Set up automount Arbitrary Executable File Formats File System Automount Point.
[[0;32m  OK  [0m] Set up automount Arbitrary Executab...ats File System Automount Point.
[   79.722575] systemd[1]: Created slice User and Session Slice.
[[0;32m  OK  [0m] Created slice User and Session Slice.
[   80.021626] systemd[1]: Started Forward Password Requests to Wall Directory Watch.
[[0;32m  OK  [0m] Started Forward Password Requests to Wall Directory Watch.
[   80.350622] systemd[1]: Listening on Journal Socket.
[[0;32m  OK  [0m] Listening on Journal Socket.
[   80.594080] systemd[1]: Reached target Encrypted Volumes.
[[0;32m  OK  [0m] Reached target Encrypted Volumes.
[   80.850530] systemd[1]: Listening on Device-mapper event daemon FIFOs.
[[0;32m  OK  [0m] Listening on Device-mapper event daemon FIFOs.
[   81.090404] systemd[1]: Listening on Journal Socket (/dev/log).
[[0;32m  OK  [0m] Listening on Journal Socket (/dev/log).
[   81.381512] systemd[1]: Reached target User and Group Name Lookups.
[[0;32m  OK  [0m] Reached target User and Group Name Lookups.
[   81.700607] systemd[1]: Listening on LVM2 poll daemon socket.
[[0;32m  OK  [0m] Listening on LVM2 poll daemon socket.
[   81.986327] systemd[1]: Listening on LVM2 metadata daemon socket.
[[0;32m  OK  [0m] Listening on LVM2 metadata daemon socket.
[   82.245976] systemd[1]: Listening on /dev/initctl Compatibility Named Pipe.
[[0;32m  OK  [0m] Listening on /dev/initctl Compatibility Named Pipe.
[   82.590095] systemd[1]: Listening on udev Control Socket.
[[0;32m  OK  [0m] Listening on udev Control Socket.
[   82.873907] systemd[1]: Started Trigger resolvconf update for networkd DNS.
[[0;32m  OK  [0m] Started Trigger resolvconf update for networkd DNS.
[   83.234261] systemd[1]: Created slice System Slice.
[[0;32m  OK  [0m] Created slice System Slice.
[   83.457325] systemd[1]: Starting Nameserver information manager...
         Starting Nameserver information manager...
[   83.725508] systemd[1]: Starting Create list of required static device nodes for the current kernel...
         Starting Create list of required st... nodes for the current kernel...
[   84.067425] systemd[1]: Reached target Slices.
[[0;32m  OK  [0m] Reached target Slices.
[   84.318150] systemd[1]: Mounting Debug File System...
         Mounting Debug File System...
[   84.514076] systemd[1]: Starting Uncomplicated firewall...
         Starting Uncomplicated firewall...
[   84.689429] systemd[1]: Starting Remount Root and Kernel File Systems...
[   84.708767] EXT4-fs (sda1): re-mounted. Opts: (null)
         Starting Remount Root and Kernel File Systems...
[   85.017506] systemd[1]: Mounting POSIX Message Queue File System...
         Mounting POSIX Message Queue File System...
[   85.317707] systemd[1]: Mounting Huge Pages File System...
         Mounting Huge Pages File System...
[   85.605419] systemd[1]: Starting Load Kernel Modules...
         Starting Load Kernel Mo[   85.735434] Loading iSCSI transport class v2.0-870.
dules...
[   85.805931] systemd[1]: Starting Monitoring of LVM2 mirrors, snapshots etc. using dmeventd or progress polling...
         Startin[   86.088201] iscsi: registered transport (tcp)
g Monitoring of LVM2 mirrors... dmeventd or progress polling...
[   86.290505] systemd[1]: Starting Set console keymap...
         Starting Set console keymap...
[   86.502252] systemd[1]: Created slice system-serial\x2dgetty.slice.
[[0;32m  OK  [0m] Created slice system-serial\x[   86.744318] iscsi: registered transport (iser)
2dgetty.slice.
[   86.862149] systemd[1]: Listening on Journal Audit Socket.
[[0;32m  OK  [0m] Listening on Journal Audit Socket.
[   86.970178] systemd[1]: Starting Journal Service...
         Starting Journal Service...
[   87.199623] systemd[1]: Mounted Huge Pages File System.
[[0;32m  OK  [0m] Mounted Huge Pages File System.
[   87.418254] systemd[1]: Mounted Debug File System.
[[0;32m  OK  [0m] Mounted Debug File System.
[   87.506133] systemd[1]: Mounted POSIX Message Queue File System.
[[0;32m  OK  [0m] Mounted POSIX Message Queue File System.
[   87.793963] systemd[1]: Started Journal Service.
[[0;32m  OK  [0m] Started Journal Service.
[[0;32m  OK  [0m] Started Create list of required sta...ce nodes for the current kernel.
[[0;32m  OK  [0m] Started Uncomplicated firewall.
[[0;32m  OK  [0m] Started Remount Root and Kernel File Systems.
[[0;32m  OK  [0m] Started Load Kernel Modules.
[[0;32m  OK  [0m] Started Set console keymap.
[[0;32m  OK  [0m] Started Nameserver information manager.
[[0;32m  OK  [0m] Started LVM2 metadata daemon.
         Mounting FUSE Control File System...
         Starting Apply Kernel Variables...
         Starting Load/Save Random Seed...
         Starting udev Coldplug all Devices...
         Starting Create Static Device Nodes in /dev...
         Starting Flush Journal to Persistent Storage...
[[0;32m  OK  [0m] Mounted FUSE Control File System.
[[0;32m  OK  [0m] Started Monitoring of LVM2 mirrors,...ng dmeventd or progress polling.
[[0;32m  OK  [0m] Started Apply Kernel Variables.
[[0;32m  OK  [0m] Started Load/Save Random Seed.
[[0;32m  OK  [0m] Started Create Static Device Nodes in /dev.
[[0;32m  OK  [0m] Started udev Coldplug all Devices.
         Starting udev Kernel Device Manager...
[[0;32m  OK  [0m] Reached target Local File Systems (Pre).
[[0;32m  OK  [0m] Reached target Local File Systems.
         Starting LSB: AppArmor initialization...
         Starting Set console font and keymap...
         Starting Tell Plymouth To Write Out Runtime Data...
         Starting Initial cloud-init job (pre-networking)...
[[0;32m  OK  [0m] Started udev Kernel Device Manager.
[[0;32m  OK  [0m] Started Tell Plymouth To Write Out Runtime Data.
[[0;32m  OK  [0m] Started Flush Journal to Persistent Storage.
[[0;32m  OK  [0m] Found device /dev/ttyS0.
[[0;32m  OK  [0m] Listening on Load/Save RF Kill Switch Status /dev/rfkill Watch.
         Starting Create Volatile Files and Directories...
[[0;32m  OK  [0m] Started Dispatch Password Requests to Console Directory Watch.
[[0;32m  OK  [0m] Started LSB: AppArmor initialization.
[[0;32m  OK  [0m] Started Set console font and keymap.
[[0;32m  OK  [0m] Started Create Volatile Files and Directories.
         Starting Update UTMP about System Boot/Shutdown...
[[0;32m  OK  [0m] Reached target System Time Synchronized.
[[0;32m  OK  [0m] Created slice system-getty.slice.
[[0;32m  OK  [0m] Started Update UTMP about System Boot/Shutdown.
[   51.647204] cloud-init[494]: Cloud-init v. 19.3-41-gc4735dd3-0ubuntu1~16.04.1 running 'init-local' at Tue, 28 Jan 2020 19:01:35 +0000. Up 50.86 seconds.
[[0;32m  OK  [0m] Started Initial cloud-init job (pre-networking).
[[0;32m  OK  [0m] Reached target Network (Pre).
[[0;32m  OK  [0m] Started ifup for enp0s3.
         Starting Raise network interfaces...
[[0;32m  OK  [0m] Started Raise network interfaces.
         Starting Initial cloud-init job (metadata service crawler)...
[[0;32m  OK  [0m] Reached target Network.
[   54.347264] cloud-init[972]: Cloud-init v. 19.3-41-gc4735dd3-0ubuntu1~16.04.1 running 'init' at Tue, 28 Jan 2020 19:01:37 +0000. Up 53.25 seconds.
[[0;32m  OK  [0m] Started Initial cloud-init job (metadata service crawler).
[   54.540497] cloud-init[972]: ci-info: ++++++++++++++++++++++++++++++++++++++Net device info++++++++++++++++++++++++++++++++++++++
[[   54.836339] cloud-init[972]: ci-info: +--------+------+----------------------------+---------------+--------+-------------------+
[   54.836902] cloud-init[972]: ci-info: | Device |  Up  |          Address           |      Mask     | Scope  |     Hw-Address    |
[   54.837010] cloud-init[972]: ci-info: +--------+------+----------------------------+---------------+--------+-------------------+
[   54.837111] cloud-init[972]: ci-info: | enp0s3 | True |         10.0.2.15          | 255.255.255.0 | global | 02:c4:c5:d4:91:d8 |
[   54.837211] cloud-init[972]: ci-info: | enp0s3 | True | fe80::c4:c5ff:fed4:91d8/64 |       .       |  link  | 02:c4:c5:d4:91:d8 |
[   54.837363] cloud-init[972]: ci-info: |   lo   | True |         127.0.0.1          |   255.0.0.0   |  host  |         .         |
[   54.837476] cloud-init[972]: ci-info: |   lo   | True |          ::1/128           |       .       |  host  |         .         |
[   54.837575] cloud-init[972]: ci-info: +--------+------+----------------------------+---------------+--------+-------------------+
[   54.837670] cloud-init[972]: ci-info: +++++++++++++++++++++++++++Route IPv4 info++++++++++++++++++++++++++++
[   54.837765] cloud-init[972]: ci-info: +-------+-------------+----------+---------------+-----------+-------+
[   54.837861] cloud-init[972]: ci-info: | Route | Destination | Gateway  |    Genmask    | Interface | Flags |
[   54.837963] cloud-init[972]: ci-info: +-------+-------------+----------+---------------+-----------+-------+
[   54.838063] cloud-init[972]: ci-info: |   0   |   0.0.0.0   | 10.0.2.2 |    0.0.0.0    |   enp0s3  |   UG  |
[   54.838160] cloud-init[972]: ci-info: |   1   |   10.0.2.0  | 0.0.0.0  | 255.255.255.0 |   enp0s3  |   U   |
[   54.838308] cloud-init[972]: ci-info: +-------+-------------+----------+---------------+-----------+-------+
[   54.838421] cloud-init[972]: ci-info: +++++++++++++++++++Route IPv6 info+++++++++++++++++++
[   54.838519] cloud-init[972]: ci-info: +-------+-------------+---------+-----------+-------+
[   54.838615] cloud-init[972]: ci-info: | Route | Destination | Gateway | Interface | Flags |
[   54.838711] cloud-init[972]: ci-info: +-------+-------------+---------+-----------+-------+
[   54.838808] cloud-init[972]: ci-info: |   0   |  fe80::/64  |    ::   |   enp0s3  |   U   |
[   54.838907] cloud-init[972]: ci-info: |   3   |   ff00::/8  |    ::   |   enp0s3  |   U   |
[   54.839003] cloud-init[972]: ci-info: +-------+-------------+---------+-----------+-------+
[0;32m  OK  [0m] Reached target Network is Online.
         Starting iSCSI initiator daemon (iscsid)...
[[0;32m  OK  [0m] Reached target Cloud-config availability.
[[0;32m  OK  [0m] Reached target System Initialization.
[[0;32m  OK  [0m] Started Message of the Day.
[[0;32m  OK  [0m] Started Daily apt download activities.
[[0;32m  OK  [0m] Started Daily apt upgrade and clean activities.
         Starting LXD - unix socket.
[[0;32m  OK  [0m] Listening on UUID daemon activation socket.
         Starting Socket activation for snappy daemon.
[[0;32m  OK  [0m] Listening on D-Bus System Message Bus Socket.
[[0;32m  OK  [0m] Listening on ACPID Listen Socket.
[[0;32m  OK  [0m] Started ACPI Events Check.
[[0;32m  OK  [0m] Reached target Paths.
[[0;32m  OK  [0m] Started Daily Cleanup of Temporary Directories.
[[0;32m  OK  [0m] Reached target Timers.
[[0;32m  OK  [0m] Listening on LXD - unix socket.
[[0;32m  OK  [0m] Listening on Socket activation for snappy daemon.
[[0;32m  OK  [0m] Started iSCSI initiator daemon (iscsid).
         Starting Login to default iSCSI targets...
[[0;32m  OK  [0m] Reached target Sockets.
[[0;32m  OK  [0m] Reached target Basic System.
[[0;32m  OK  [0m] Started ACPI event daemon.
         Starting LSB: MD monitoring daemon...
         Starting System Logging Service...
         Starting LXD - container startup/shutdown...
         Starting OpenBSD Secure Shell server...
[[0;32m  OK  [0m] Started FUSE filesystem for LXC.
         Starting Login Service...
         Starting LSB: Record successful boot for GRUB...
[[0;32m  OK  [0m] Started Deferred execution scheduler.
         Starting MySQL Community Server...
[[0;32m  OK  [0m] Started D-Bus System Message Bus.
[[0;32m  OK  [0m] Started Regular background program processing daemon.
         Starting Accounts Service...
         Starting vboxadd.service...
         Starting /etc/rc.local Compatibility...
         Starting vboxadd-x11.service...
         Starting Snappy daemon...
[[0;32m  OK  [0m] Started System Logging Service.
[[0;32m  OK  [0m] Started LXD - container startup/shutdown.
[[0;32m  OK  [0m] Started /etc/rc.local Compatibility.
[[0;32m  OK  [0m] Started vboxadd-x11.service.
[[0;32m  OK  [0m] Started OpenBSD Secure Shell server.
[[0;32m  OK  [0m] Started Login Service.
[[0;32m  OK  [0m] Started Unattended Upgrades Shutdown.
         Starting Authenticate and Authorize Users to Run Privileged Tasks...
[[0;32m  OK  [0m] Started LSB: Record successful boot for GRUB.
[[0;32m  OK  [0m] Started LSB: MD monitoring daemon.
[[0;32m  OK  [0m] Started Login to default iSCSI targets.
[[0;32m  OK  [0m] Reached target Remote File Systems (Pre).
[[0;32m  OK  [0m] Reached target Remote File Systems.
         Starting LSB: automatic crash report generation...
         Starting LSB: Set the CPU Frequency Scaling governor to "ondemand"...
         Starting LSB: daemon to balance interrupts for SMP systems...
         Starting Permit User Sessions...
[[0;32m  OK  [0m] Started Authenticate and Authorize Users to Run Privileged Tasks.
[[0;32m  OK  [0m] Started Permit User Sessions.
[[0;32m  OK  [0m] Started vboxadd.service.
[[0;32m  OK  [0m] Started Accounts Service.
         Starting vboxadd-service.service...
         Starting Hold until boot process finishes up...
         Starting Terminate Plymouth Boot Screen...
[[0;32m  OK  [0m] Started LSB: Set the CPU Frequency Scaling governor to "ondemand".
[[0;32m  OK  [0m] Started LSB: daemon to balance interrupts for SMP systems.
[[0;32m  OK  [0m] Started vboxadd-service.service.
[[0;32m  OK  [0m] Started Hold until boot process finishes up.
[[0;32m  OK  [0m] Started Terminate Plymouth Boot Screen.
[[0;32m  OK  [0m] Created slice User Slice of vagrant.
         Starting User Manager for UID 1000...
[[0;32m  OK  [0m] Started Session 1 of user vagrant.
[[0;32m  OK  [0m] Started Serial Getty on ttyS0.
         Starting Set console scheme...
[[0;32m  OK  [0m] Started Getty on tty1.
[[0;32m  OK  [0m] Reached target Login Prompts.
[[0;32m  OK  [0m] Started User Manager for UID 1000.
[[0;32m  OK  [0m] Started Snappy daemon.
[[0;32m  OK  [0m] Started LSB: automatic crash report generation.
[[0;32m  OK  [0m] Started Set console scheme.
         Starting Wait until snapd is fully seeded...
[[0;32m  OK  [0m] Started Wait until snapd is fully seeded.
         Starting Apply the settings specified in cloud-config...
[   67.072522] cloud-init[1349]: Cloud-init v. 19.3-41-gc4735dd3-0ubuntu1~16.04.1 running 'modules:config' at Tue, 28 Jan 2020 19:01:50 +0000. Up 66.28 seconds.
[[0;32m  OK  [0m] Started Apply the settings specified in cloud-config.
[[0;32m  OK  [0m] Started MySQL Community Server.
[[0;32m  OK  [0m] Reached target Multi-User System.
[[0;32m  OK  [0m] Reached target Graphical Interface.
         Starting Update UTMP about System Runlevel Changes...
         Starting Execute cloud user/final scripts...
[[0;32m  OK  [0m] Started Update UTMP about System Runlevel Changes.
[   70.188017] cloud-init[1502]: Cloud-init v. 19.3-41-gc4735dd3-0ubuntu1~16.04.1 running 'modules:final' at Tue, 28 Jan 2020 19:01:54 +0000. Up 69.90 seconds.
[   70.189042] cloud-init[1502]: Cloud-init v. 19.3-41-gc4735dd3-0ubuntu1~16.04.1 finished at Tue, 28 Jan 2020 19:01:54 +0000. Datasource DataSourceNoCloud [seed=/dev/sdb][dsmode=net].  Up 70.17 seconds

Ubuntu 16.04.6 LTS ubuntu-xenial ttyS0

ubuntu-xenial login: 